(resume.tex

ConTeXt  ver: 2012.05.30 11:26 MKIV  fmt: 2015.5.28  int: english/english

system          > cont-new.mkiv loaded
(/usr/local/texlive/2012/texmf-dist/tex/context/base/cont-new.mkiv
system          > beware: some patches loaded from cont-new.mkiv
)
system          > resume.top loaded

system          > options > start used options

used options    > % runtime options files (command line driven)
used options    > \unprotect
used options    > % feedback and basic job control
used options    > % handy for special styles
used options    > \startluacode
used options    > document = document or { }
used options    > document.arguments={
used options    > }
used options    > document.files={
used options    >  "resume.tex",
used options    > }
used options    > \stopluacode
used options    > % process info
used options    > \setupsystem[inputfile=resume.tex]
used options    > \setupsystem[\c!n=2,\c!m=3]
used options    > % modes
used options    > % options (not that important)
used options    > \startsetups *runtime:options
used options    > \stopsetups
used options    > % styles and modules
used options    > \startsetups *runtime:modules
used options    > \stopsetups
used options    > % done
used options    > \protect \endinput

system          > options > stop used options

(resume.top)
fonts           > latin modern fonts are not preloaded
languages       > language en is active
colors          > defining > unknown: library 'hex'
fonts           > typescripts > unknown: library 'loc'
(/usr/local/texlive/2012/texmf-dist/tex/context/base/type-imp-texgyre.mkiv){/usr/local/texlive/2012/texmf-dist/fonts/map/dvips/lm/lm-math.map}{/usr/local/texlive/2012/texmf-dist/fonts/map/dvips/lm/lm-rm.map}{/usr/local/texlive/2012/texmf-dist/fonts/map/pdftex/context/mkiv-base.map}
structure       > sectioning > section @ level 3 : 0.0.1 -> Giulio Valentino Dalla Riva
structure       > sectioning > subsection @ level 4 : 0.0.1.1 -> Education
structure       > sectioning > subsection @ level 4 : 0.0.1.2 -> Research Interests:
structure       > sectioning > subsection @ level 4 : 0.0.1.3 -> Skills
backend         > xmp > using file '/usr/local/texlive/2012/texmf-dist/tex/context/base/lpdf-pdx.xml'
pages           > flushing realpage 1, userpage 1
structure       > sectioning > subsection @ level 4 : 0.0.1.4 -> Publications
structure       > sectioning > subsection @ level 4 : 0.0.1.5 -> Selected Presentations
structure       > sectioning > subsection @ level 4 : 0.0.1.6 -> References

Underfull \hbox (badness 10000) in paragraph at lines 251--259
 

\hbox(0.0+0.0)x483.69687, direction TLT
.\glue(\leftskip) 91.0488
.\glue(\rightskip) 0.0

pages           > flushing realpage 2, userpage 2

Underfull \hbox (badness 10000) in paragraph at lines 262--270
 

\hbox(0.0+0.0)x483.69687, direction TLT
.\glue(\leftskip) 91.0488
.\glue(\rightskip) 0.0

pages           > flushing realpage 3, userpage 3
 )</usr/local/texlive/2012/texmf-dist/fonts/opentype/public/lm/lmmath-regular.otf></usr/local/texlive/2012/texmf-dist/fonts/opentype/public/tex-gyre/texgyreheros-bolditalic.otf></usr/local/texlive/2012/texmf-dist/fonts/opentype/public/tex-gyre/texgyreheros-italic.otf></usr/local/texlive/2012/texmf-dist/fonts/opentype/public/tex-gyre/texgyreheros-regular.otf></usr/local/texlive/2012/texmf-dist/fonts/opentype/public/tex-gyre/texgyreheros-bold.otf>

system          > files > start used files

used files      >    1: filename=resume.tex | foundname=resume.tex | usedmethod=direct
used files      >    2: filename=cont-new.mkiv | filetype=tex | foundname=/usr/local/texlive/2012/texmf-dist/tex/context/base/cont-new.mkiv | usedmethod=database
used files      >    3: filename=resume.top | foundname=resume.top | usedmethod=direct
used files      >    4: filename=lang-us.lua | filetype=lua | foundname=/usr/local/texlive/2012/texmf-dist/tex/context/patterns/lang-us.lua | usedmethod=database
used files      >    5: filename=type-imp-texgyre.mkiv | filetype=tex | foundname=/usr/local/texlive/2012/texmf-dist/tex/context/base/type-imp-texgyre.mkiv | usedmethod=database
used files      >    6: filename=lm.lfg | filetype=tex | foundname=/usr/local/texlive/2012/texmf-dist/tex/context/fonts/lm.lfg | usedmethod=database
used files      >    7: filename=lm-math.lfg | filetype=tex | foundname=/usr/local/texlive/2012/texmf-dist/tex/context/fonts/lm-math.lfg | usedmethod=database
used files      >    8: filename=lm-math.map | filetype=map | format=map | foundname=/usr/local/texlive/2012/texmf-dist/fonts/map/dvips/lm/lm-math.map | usedmethod=database
used files      >    9: filename=lm-rm.map | filetype=map | format=map | foundname=/usr/local/texlive/2012/texmf-dist/fonts/map/dvips/lm/lm-rm.map | usedmethod=database
used files      >   10: filename=mkiv-base.map | filetype=map | format=map | foundname=/usr/local/texlive/2012/texmf-dist/fonts/map/pdftex/context/mkiv-base.map | usedmethod=database
used files      >   11: filename=texgyreheros-regular | filetype=otf | format=otf | foundname=/usr/local/texlive/2012/texmf-dist/fonts/opentype/public/tex-gyre/texgyreheros-regular.otf | usedmethod=database
used files      >   12: filename=lmmath-regular.otf | filetype=otf | format=otf | foundname=/usr/local/texlive/2012/texmf-dist/fonts/opentype/public/lm/lmmath-regular.otf | usedmethod=database
used files      >   13: filename=texgyreheros-bold | filetype=otf | format=otf | foundname=/usr/local/texlive/2012/texmf-dist/fonts/opentype/public/tex-gyre/texgyreheros-bold.otf | usedmethod=database
used files      >   14: filename=texgyreheros-italic | filetype=otf | format=otf | foundname=/usr/local/texlive/2012/texmf-dist/fonts/opentype/public/tex-gyre/texgyreheros-italic.otf | usedmethod=database
used files      >   15: filename=texgyreheros-bolditalic | filetype=otf | format=otf | foundname=/usr/local/texlive/2012/texmf-dist/fonts/opentype/public/tex-gyre/texgyreheros-bolditalic.otf | usedmethod=database
used files      >   16: filename=lpdf-pdx.xml | filetype=tex | foundname=/usr/local/texlive/2012/texmf-dist/tex/context/base/lpdf-pdx.xml | usedmethod=database

system          > files > stop used files


system          > structure > start used structure

used structure  > text: resume

system          > structure > stop used structure


mkiv lua stats  > used config file          - selfautoparent:/texmfcnf.lua;selfautoparent:/texmf/web2c/texmfcnf.lua
mkiv lua stats  > used cache path           - readable: '/usr/local/texlive/2012/texmf-var/luatex-cache/context/210a96fef5fbab446fd11afa77acb026' (order 1)
mkiv lua stats  > used cache path           - readable: '/users/math/gvd16/.texlive2012/texmf-var/luatex-cache/context/210a96fef5fbab446fd11afa77acb026' (order 2)
mkiv lua stats  > used cache path           - writable: '/users/math/gvd16/.texlive2012/texmf-var/luatex-cache/context/210a96fef5fbab446fd11afa77acb026'
mkiv lua stats  > resource resolver         - loadtime 0.047 seconds, 0 scans with scantime 0.000 seconds, 0 shared scans, 16 found files, scanned paths: 
mkiv lua stats  > stored bytecode data      - 303 modules, 65 tables, 368 chunks
mkiv lua stats  > cleaned up reserved nodes - 45 nodes, 9 lists of 438
mkiv lua stats  > node memory usage         - 2 glue, 2 penalty, 12 attribute, 47 glue_spec, 3 attribute_list
mkiv lua stats  > node list callback tasks  - 6 unique task lists, 6 instances (re)created, 1120 calls
mkiv lua stats  > used backend              - pdf (backend for directly generating pdf output)
mkiv lua stats  > loaded patterns           - en::2
mkiv lua stats  > jobdata time              - 0.004 seconds saving, 0.001 seconds loading
mkiv lua stats  > callbacks                 - 1474 direct, 1075 indirect, 2549 total
mkiv lua stats  > randomizer                - resumed with value 0.3779180894503
mkiv lua stats  > lxml preparation time     - 0.000 seconds, 0 nodes, 15 lpath calls, 0 cached calls
mkiv lua stats  > interactive elements      - 5 references, 22 destinations
mkiv lua stats  > result saved in file      - resume.pdf
mkiv lua stats  > loaded fonts              - 5 files: lmmath-regular.otf texgyreheros-bold.otf texgyreheros-bolditalic.otf texgyreheros-italic.otf texgyreheros-regular.otf
mkiv lua stats  > fonts load time           - 0.172 seconds 
mkiv lua stats  > pdf annotations           - 5 embedded, 5 unique
mkiv lua stats  > luatex banner             - this is luatex, version beta-0.70.2-2012052410 (tex live 2012)
mkiv lua stats  > control sequences         - 34009 of 65536 + 100000
mkiv lua stats  > current memory usage      - 59 MB (ctx: 61 MB)
mkiv lua stats  > runtime                   - 0.711 seconds, 2 processed pages, 3 shipped pages, 4.219 pages/second

